<?xml version="1.0" encoding="UTF-8"?>
<testsuite xmlns:xsi="http://www.w3.org/2001/XMLSchema-instance" xsi:noNamespaceSchemaLocation="https://maven.apache.org/surefire/maven-surefire-plugin/xsd/surefire-test-report-3.0.xsd" version="3.0" name="com.zhousheng.llcb.service.ConversionServiceTest" time="0.09" tests="7" errors="0" skipped="0" failures="0">
  <properties>
[...]
</properties>
  <testcase name="approveDeductsFrozenCreditEarnsTargetCreditAndCreatesTransaction" classname="com.zhousheng.llcb.service.ConversionServiceTest" time="0.071"/>
  <testcase name="concurrentApprovalClaimFailureHasNoSideEffects" classname="com.zhousheng.llcb.service.ConversionServiceTest" time="0.002"/>
  <testcase name="submitCreatesApplicationAndFreezesCredit" classname="com.zhousheng.llcb.service.ConversionServiceTest" time="0.005"/>
  <testcase name="previewCalculatesTargetCreditWithTwoDecimals" classname="com.zhousheng.llcb.service.ConversionServiceTest" time="0.003"/>
  <testcase name="previewRejectsMismatchedRule" classname="com.zhousheng.llcb.service.ConversionServiceTest" time="0.003"/>
  <testcase name="rejectUnfreezesSourceCredit" classname="com.zhousheng.llcb.service.ConversionServiceTest" time="0.002"/>
  <testcase name="previewRejectsNonPositiveCredit" classname="com.zhousheng.llcb.service.ConversionServiceTest" time="0.002"/>
</testsuite>